<?xml version="1.0" encoding="UTF-8"?>
<robot generator="Robot 5.0.1 (Python 3.9.13 on win32)" generated="20230531 16:07:14.433" rpa="true" schemaversion="3">
<suite id="s1" name="Tasks" source="c:\Users\sbarrague\Desktop\Escritorio\robocorpdispoquadminds\tasks.robot">
<test id="s1-t1" name="Automatizacion Carga de Datos a Quadminds" line="24">
<kw name="Subir Excel">
<var>${response}</var>
<kw name="Add Heading" library="RPA.Assistant">
<arg>Programación YPF</arg>
<doc>Add a centered heading text element</doc>
<status status="PASS" starttime="20230531 16:07:17.585" endtime="20230531 16:07:17.587"/>
</kw>
<kw name="Add Text Input" library="RPA.Assistant">
<var>${fecha}</var>
<arg>Fecha Programación</arg>
<arg>default=20230426</arg>
<tag>input</tag>
<doc>Add a text input element</doc>
<msg timestamp="20230531 16:07:17.588" level="INFO">${fecha} = None</msg>
<status status="PASS" starttime="20230531 16:07:17.587" endtime="20230531 16:07:17.591"/>
</kw>
<kw name="Add File Input" library="RPA.Assistant">
<arg>label=Subir Excel programación</arg>
<arg>name=archivo</arg>
<arg>source=R:\COMPARTIDA\Robocorp</arg>
<arg>multiple=false</arg>
<tag>input</tag>
<doc>Add a file input element</doc>
<status status="PASS" starttime="20230531 16:07:17.592" endtime="20230531 16:07:17.593"/>
</kw>
<kw name="Add Submit Buttons" library="RPA.Assistant">
<arg>buttons=Cargar</arg>
<arg>default=Cargar</arg>
<tag>input</tag>
<doc>Add custom submit buttons</doc>
<status status="PASS" starttime="20230531 16:07:17.593" endtime="20230531 16:07:17.594"/>
</kw>
<kw name="Run Dialog" library="RPA.Assistant">
<var>${response}</var>
<tag>dialog</tag>
<doc>Create a dialog from all the defined elements and block
until the user has handled it.</doc>
<msg timestamp="20230531 16:07:17.595" level="INFO">Protecting keyword: RPA.Assistant.Run Dialog</msg>
<msg timestamp="20230531 16:07:31.479" level="INFO">Log level changed from NONE to INFO.</msg>
<status status="PASS" starttime="20230531 16:07:17.594" endtime="20230531 16:07:31.478"/>
</kw>
<kw name="Log" library="BuiltIn">
<arg>${response}</arg>
<doc>Logs the given message with the given level.</doc>
<msg timestamp="20230531 16:07:31.480" level="INFO">{'Fecha Programación': '20230715'}</msg>
<status status="PASS" starttime="20230531 16:07:31.479" endtime="20230531 16:07:31.480"/>
</kw>
<kw name="Log" library="BuiltIn">
<arg>${response}[Fecha Programación]</arg>
<doc>Logs the given message with the given level.</doc>
<msg timestamp="20230531 16:07:31.480" level="INFO">20230715</msg>
<status status="PASS" starttime="20230531 16:07:31.480" endtime="20230531 16:07:31.481"/>
</kw>
<kw name="Log" library="BuiltIn">
<arg>${response}[archivo][0]</arg>
<doc>Logs the given message with the given level.</doc>
<msg timestamp="20230531 16:07:31.481" level="FAIL">Dictionary '${response}' has no key 'archivo'.</msg>
<status status="FAIL" starttime="20230531 16:07:31.481" endtime="20230531 16:07:31.483"/>
</kw>
<return>
<value>${response}</value>
<status status="NOT RUN" starttime="20230531 16:07:31.483" endtime="20230531 16:07:31.483"/>
</return>
<status status="FAIL" starttime="20230531 16:07:17.583" endtime="20230531 16:07:31.483"/>
</kw>
<kw name="Abrir Quadminds">
<status status="NOT RUN" starttime="20230531 16:07:31.490" endtime="20230531 16:07:31.490"/>
</kw>
<kw name="Log in">
<status status="NOT RUN" starttime="20230531 16:07:31.491" endtime="20230531 16:07:31.491"/>
</kw>
<kw name="Abrir excel y guardar datos con JSON">
<var>${disponibilidad}</var>
<arg>${response}</arg>
<status status="NOT RUN" starttime="20230531 16:07:31.492" endtime="20230531 16:07:31.492"/>
</kw>
<kw name="Rediccionar a Disponibilidad fecha">
<arg>${response}</arg>
<status status="NOT RUN" starttime="20230531 16:07:31.492" endtime="20230531 16:07:31.493"/>
</kw>
<kw name="Eliminar Choferes Pre-Cargados">
<arg>${disponibilidad}</arg>
<status status="NOT RUN" starttime="20230531 16:07:31.494" endtime="20230531 16:07:31.494"/>
</kw>
<kw name="Loop Carga">
<arg>${disponibilidad}</arg>
<status status="NOT RUN" starttime="20230531 16:07:31.497" endtime="20230531 16:07:31.497"/>
</kw>
<kw name="Guardar Disponibilidad Tractor">
<status status="NOT RUN" starttime="20230531 16:07:31.498" endtime="20230531 16:07:31.498"/>
</kw>
<kw name="Guardar en CSV Dnis con errores">
<status status="NOT RUN" starttime="20230531 16:07:31.499" endtime="20230531 16:07:31.499"/>
</kw>
<status status="FAIL" starttime="20230531 16:07:17.580" endtime="20230531 16:07:31.499">Dictionary '${response}' has no key 'archivo'.</status>
</test>
<doc>Template robot main suite.
pendiente DNI
error choferes a veces no carga el DNI
ver errores Horarios</doc>
<status status="FAIL" starttime="20230531 16:07:14.442" endtime="20230531 16:07:31.506"/>
</suite>
<statistics>
<total>
<stat pass="0" fail="1" skip="0">All Tasks</stat>
</total>
<tag>
</tag>
<suite>
<stat pass="0" fail="1" skip="0" id="s1" name="Tasks">Tasks</stat>
</suite>
</statistics>
<errors>
</errors>
</robot>
