<?xml version="1.0" encoding="UTF-8"?>
<robot generator="Robot 5.0.1 (Python 3.9.13 on win32)" generated="20230621 11:28:23.300" rpa="true" schemaversion="3">
<suite id="s1" name="Tasks" source="c:\Users\sbarrague\Desktop\Escritorio\robocorpdispoquadminds\tasks.robot">
<test id="s1-t1" name="Automatizacion Carga de Datos a Quadminds" line="26">
<kw name="Sumar dia">
<var>${fecha_mañana}</var>
<kw name="Get Current Date" library="DateTime">
<var>${fecha_hoy}</var>
<arg>result_format=%Y%m%d</arg>
<doc>Returns current local or UTC time with an optional increment.</doc>
<msg timestamp="20230621 11:28:26.092" level="INFO">${fecha_hoy} = 20230621</msg>
<status status="PASS" starttime="20230621 11:28:26.091" endtime="20230621 11:28:26.094"/>
</kw>
<kw name="Sumar Un Dia" library="sumar_dia">
<var>${fecha_mañana}</var>
<arg>${fecha_hoy}</arg>
<msg timestamp="20230621 11:28:26.112" level="INFO">${fecha_mañana} = 20230622</msg>
<status status="PASS" starttime="20230621 11:28:26.095" endtime="20230621 11:28:26.113"/>
</kw>
<return>
<value>${fecha_mañana}</value>
<status status="PASS" starttime="20230621 11:28:26.113" endtime="20230621 11:28:26.113"/>
</return>
<msg timestamp="20230621 11:28:26.113" level="INFO">${fecha_mañana} = 20230622</msg>
<status status="PASS" starttime="20230621 11:28:26.091" endtime="20230621 11:28:26.113"/>
</kw>
<kw name="Subir Excel">
<var>${response}</var>
<arg>${fecha_mañana}</arg>
<kw name="Add Heading" library="RPA.Assistant">
<arg>Programación YPF</arg>
<doc>Add a centered heading text element</doc>
<status status="PASS" starttime="20230621 11:28:26.115" endtime="20230621 11:28:26.116"/>
</kw>
<kw name="Add Heading" library="RPA.Assistant">
<arg>Fecha Programacion a Subir</arg>
<doc>Add a centered heading text element</doc>
<status status="PASS" starttime="20230621 11:28:26.116" endtime="20230621 11:28:26.116"/>
</kw>
<kw name="Add Text Input" library="RPA.Assistant">
<arg>Fecha Programación</arg>
<arg>default=${fecha_mañana}</arg>
<tag>input</tag>
<doc>Add a text input element</doc>
<status status="PASS" starttime="20230621 11:28:26.117" endtime="20230621 11:28:26.117"/>
</kw>
<kw name="Add Heading" library="RPA.Assistant">
<arg>usuario</arg>
<doc>Add a centered heading text element</doc>
<status status="PASS" starttime="20230621 11:28:26.118" endtime="20230621 11:28:26.118"/>
</kw>
<kw name="Add Text Input" library="RPA.Assistant">
<arg>usuario</arg>
<arg>default=${usuario}</arg>
<tag>input</tag>
<doc>Add a text input element</doc>
<status status="PASS" starttime="20230621 11:28:26.119" endtime="20230621 11:28:26.120"/>
</kw>
<kw name="Add Heading" library="RPA.Assistant">
<arg>contraseña</arg>
<doc>Add a centered heading text element</doc>
<status status="PASS" starttime="20230621 11:28:26.120" endtime="20230621 11:28:26.122"/>
</kw>
<kw name="Add Text Input" library="RPA.Assistant">
<arg>contraseña</arg>
<arg>default=${constraseña}</arg>
<tag>input</tag>
<doc>Add a text input element</doc>
<status status="PASS" starttime="20230621 11:28:26.122" endtime="20230621 11:28:26.122"/>
</kw>
<kw name="Add File Input" library="RPA.Assistant">
<arg>label=Subir Excel programación</arg>
<arg>name=archivo</arg>
<arg>source= ${OUTPUT_DIR}</arg>
<arg>multiple=false</arg>
<tag>input</tag>
<doc>Add a file input element</doc>
<status status="PASS" starttime="20230621 11:28:26.124" endtime="20230621 11:28:26.124"/>
</kw>
<kw name="Add Submit Buttons" library="RPA.Assistant">
<arg>buttons=Cargar</arg>
<arg>default=Cargar</arg>
<tag>input</tag>
<doc>Add custom submit buttons</doc>
<status status="PASS" starttime="20230621 11:28:26.125" endtime="20230621 11:28:26.125"/>
</kw>
<kw name="Run Dialog" library="RPA.Assistant">
<var>${response}</var>
<tag>dialog</tag>
<doc>Create a dialog from all the defined elements and block
until the user has handled it.</doc>
<msg timestamp="20230621 11:28:26.126" level="INFO">Protecting keyword: RPA.Assistant.Run Dialog</msg>
<msg timestamp="20230621 11:28:35.819" level="INFO">Log level changed from NONE to INFO.</msg>
<status status="PASS" starttime="20230621 11:28:26.126" endtime="20230621 11:28:35.817"/>
</kw>
<kw name="Log" library="BuiltIn">
<arg>${response}</arg>
<doc>Logs the given message with the given level.</doc>
<msg timestamp="20230621 11:28:35.820" level="INFO">{'Fecha Programación': '20230622', 'usuario': 'arielacosta@grupoberaldi.com', 'contraseña': 'Dispo2023a'}</msg>
<status status="PASS" starttime="20230621 11:28:35.819" endtime="20230621 11:28:35.820"/>
</kw>
<kw name="Log" library="BuiltIn">
<arg>${response}[Fecha Programación]</arg>
<doc>Logs the given message with the given level.</doc>
<msg timestamp="20230621 11:28:35.821" level="INFO">20230622</msg>
<status status="PASS" starttime="20230621 11:28:35.820" endtime="20230621 11:28:35.821"/>
</kw>
<kw name="Log" library="BuiltIn">
<arg>${response}[archivo][0]</arg>
<doc>Logs the given message with the given level.</doc>
<msg timestamp="20230621 11:28:35.822" level="FAIL">Dictionary '${response}' has no key 'archivo'.</msg>
<status status="FAIL" starttime="20230621 11:28:35.821" endtime="20230621 11:28:35.823"/>
</kw>
<return>
<value>${response}</value>
<status status="NOT RUN" starttime="20230621 11:28:35.823" endtime="20230621 11:28:35.824"/>
</return>
<status status="FAIL" starttime="20230621 11:28:26.115" endtime="20230621 11:28:35.824"/>
</kw>
<kw name="Abrir Quadminds">
<status status="NOT RUN" starttime="20230621 11:28:35.826" endtime="20230621 11:28:35.826"/>
</kw>
<kw name="Log in">
<arg>${response}</arg>
<status status="NOT RUN" starttime="20230621 11:28:35.828" endtime="20230621 11:28:35.830"/>
</kw>
<kw name="Abrir excel y guardar datos con JSON">
<var>${disponibilidad}</var>
<arg>${response}</arg>
<status status="NOT RUN" starttime="20230621 11:28:35.831" endtime="20230621 11:28:35.831"/>
</kw>
<kw name="Rediccionar a Disponibilidad fecha">
<arg>${response}</arg>
<status status="NOT RUN" starttime="20230621 11:28:35.834" endtime="20230621 11:28:35.836"/>
</kw>
<kw name="Eliminar Choferes Pre-Cargados">
<arg>${disponibilidad}</arg>
<status status="NOT RUN" starttime="20230621 11:28:35.836" endtime="20230621 11:28:35.836"/>
</kw>
<kw name="Loop Carga">
<arg>${disponibilidad}</arg>
<status status="NOT RUN" starttime="20230621 11:28:35.837" endtime="20230621 11:28:35.838"/>
</kw>
<kw name="Guardar Disponibilidad Tractor">
<status status="NOT RUN" starttime="20230621 11:28:35.841" endtime="20230621 11:28:35.841"/>
</kw>
<kw name="Guardar en CSV Dnis con errores">
<status status="NOT RUN" starttime="20230621 11:28:35.844" endtime="20230621 11:28:35.846"/>
</kw>
<status status="FAIL" starttime="20230621 11:28:26.089" endtime="20230621 11:28:35.851">Dictionary '${response}' has no key 'archivo'.</status>
</test>
<doc>Template robot main suite.
pendiente DNI
error choferes a veces no carga el DNI
ver errores Horarios</doc>
<status status="FAIL" starttime="20230621 11:28:23.309" endtime="20230621 11:28:35.853"/>
</suite>
<statistics>
<total>
<stat pass="0" fail="1" skip="0">All Tasks</stat>
</total>
<tag>
</tag>
<suite>
<stat pass="0" fail="1" skip="0" id="s1" name="Tasks">Tasks</stat>
</suite>
</statistics>
<errors>
</errors>
</robot>
